Using pre-set license
Built from '2020.2/release' branch; Version is '2020.2.2f1 (068178b99f32) revision 426360'; Using compiler version '192528614'; Build Type 'Release'
OS: 'Windows 10 Home; OS build 19041.867; Version 2004; 64bit' Language: 'en' Physical Memory: 16184 MB
BatchMode: 1, IsHumanControllingUs: 0, StartBugReporterOnCrash: 0, Is64bit: 1, IsPro: 0

 COMMAND LINE ARGUMENTS:
E:\Unity\2020.2.2f1\Editor\Unity.exe
-adb2
-batchMode
-noUpm
-name
AssetImportWorker0
-projectPath
G:/Unity/Projects/Engine3033-Final
-logFile
Logs/AssetImportWorker0.log
-srvPort
62893
Successfully changed project path to: G:/Unity/Projects/Engine3033-Final
G:/Unity/Projects/Engine3033-Final
Using Asset Import Pipeline V2.
Refreshing native plugins compatible for Editor in 24.03 ms, found 0 plugins.
Preloading 0 native plugins for Editor in 0.00 ms.
Initialize engine version: 2020.2.2f1 (068178b99f32)
[Subsystems] Discovering subsystems at path E:/Unity/2020.2.2f1/Editor/Data/Resources/UnitySubsystems
[Subsystems] Discovering subsystems at path G:/Unity/Projects/Engine3033-Final/Assets
GfxDevice: creating device client; threaded=0
Direct3D:
    Version:  Direct3D 11.0 [level 11.1]
    Renderer: NVIDIA GeForce RTX 3080 (ID=0x2206)
    Vendor:   
    VRAM:     10078 MB
    Driver:   27.21.14.5751
Initialize mono
Mono path[0] = 'E:/Unity/2020.2.2f1/Editor/Data/Managed'
Mono path[1] = 'E:/Unity/2020.2.2f1/Editor/Data/MonoBleedingEdge/lib/mono/unityjit'
Mono config path = 'E:/Unity/2020.2.2f1/Editor/Data/MonoBleedingEdge/etc'
Using monoOptions --debugger-agent=transport=dt_socket,embedding=1,server=y,suspend=n,address=127.0.0.1:56992
Begin MonoManager ReloadAssembly
Registering precompiled unity dll's ...
Register platform support module: E:/Unity/2020.2.2f1/Editor/Data/PlaybackEngines/WebGLSupport/UnityEditor.WebGL.Extensions.dll
Register platform support module: E:/Unity/2020.2.2f1/Editor/Data/PlaybackEngines/WindowsStandaloneSupport/UnityEditor.WindowsStandalone.Extensions.dll
Register platform support module: E:/Unity/2020.2.2f1/Editor/Data/PlaybackEngines/LinuxStandaloneSupport/UnityEditor.LinuxStandalone.Extensions.dll
Registered in 0.000959 seconds.
Native extension for LinuxStandalone target not found
Native extension for WindowsStandalone target not found
Native extension for WebGL target not found
Refreshing native plugins compatible for Editor in 25.40 ms, found 0 plugins.
Preloading 0 native plugins for Editor in 0.00 ms.
Invoked RoslynAnalysisRunner static constructor.
RoslynAnalysisRunner will not be running.
RoslynAnalysisRunner has terminated.
Mono: successfully reloaded assembly
- Completed reload, in  1.168 seconds
Platform modules already initialized, skipping
Registering precompiled user dll's ...
Registered in 0.000566 seconds.
Begin MonoManager ReloadAssembly
Native extension for LinuxStandalone target not found
Native extension for WindowsStandalone target not found
Native extension for WebGL target not found
Refreshing native plugins compatible for Editor in 24.94 ms, found 0 plugins.
Preloading 0 native plugins for Editor in 0.00 ms.
Invoked RoslynAnalysisRunner static constructor.
RoslynAnalysisRunner will not be running.
RoslynAnalysisRunner has terminated.
Mono: successfully reloaded assembly
- Completed reload, in  0.692 seconds
Platform modules already initialized, skipping
========================================================================
Worker process is ready to serve import requests
Launched and connected shader compiler UnityShaderCompiler.exe after 0.03 seconds
Refreshing native plugins compatible for Editor in 0.25 ms, found 0 plugins.
Preloading 0 native plugins for Editor in 0.00 ms.
Unloading 1422 Unused Serialized files (Serialized files now loaded: 0)
System memory in use before: 71.7 MB.
System memory in use after: 71.8 MB.

Unloading 12 unused Assets to reduce memory usage. Loaded Objects now: 1871.
Total: 1.514900 ms (FindLiveObjects: 0.157000 ms CreateObjectMapping: 0.076700 ms MarkObjects: 1.223900 ms  DeleteObjects: 0.056600 ms)

========================================================================
Received Import Request.
  path: Assets/Scripts/Building/BuildController.cs
  artifactKey: Guid(425026accd976c2408aab9769f5c150a) Importer(815301076,1909f56bfc062723c751e8b465ee728b)
Start importing Assets/Scripts/Building/BuildController.cs using Guid(425026accd976c2408aab9769f5c150a) Importer(815301076,1909f56bfc062723c751e8b465ee728b)  -> (artifact id: '3a707fb9edac4f7f8c55f664f10cf6e9') in 0.039929 seconds
  Import took 0.041895 seconds .

========================================================================
Received Import Request.
  Time since last request: 95.123001 seconds.
  path: Assets/Scripts/Building/BuildController.cs
  artifactKey: Guid(425026accd976c2408aab9769f5c150a) Importer(815301076,1909f56bfc062723c751e8b465ee728b)
Start importing Assets/Scripts/Building/BuildController.cs using Guid(425026accd976c2408aab9769f5c150a) Importer(815301076,1909f56bfc062723c751e8b465ee728b)  -> (artifact id: 'b845fcc5b3cfeba1c9522ba68a9e7b8c') in 0.002690 seconds
  Import took 0.004924 seconds .

========================================================================
Received Import Request.
  Time since last request: 1.300511 seconds.
  path: Assets/Scripts/Building/BuildController.cs
  artifactKey: Guid(425026accd976c2408aab9769f5c150a) Importer(815301076,1909f56bfc062723c751e8b465ee728b)
Start importing Assets/Scripts/Building/BuildController.cs using Guid(425026accd976c2408aab9769f5c150a) Importer(815301076,1909f56bfc062723c751e8b465ee728b)  -> (artifact id: 'cea74a1d54186de79b7c01338dc1e0c3') in 0.002751 seconds
  Import took 0.004622 seconds .

========================================================================
Received Import Request.
  Time since last request: 90.962756 seconds.
  path: Assets/Scripts/Building/BuildController.cs
  artifactKey: Guid(425026accd976c2408aab9769f5c150a) Importer(815301076,1909f56bfc062723c751e8b465ee728b)
Start importing Assets/Scripts/Building/BuildController.cs using Guid(425026accd976c2408aab9769f5c150a) Importer(815301076,1909f56bfc062723c751e8b465ee728b)  -> (artifact id: '50025cd674714ee8a265e7bb4350ed7e') in 0.005084 seconds
  Import took 0.007664 seconds .

========================================================================
Received Import Request.
  Time since last request: 0.002256 seconds.
  path: Assets/Scripts/Building/BuildController.cs
  artifactKey: Guid(425026accd976c2408aab9769f5c150a) Importer(815301076,1909f56bfc062723c751e8b465ee728b)
Start importing Assets/Scripts/Building/BuildController.cs using Guid(425026accd976c2408aab9769f5c150a) Importer(815301076,1909f56bfc062723c751e8b465ee728b)  -> (artifact id: '50025cd674714ee8a265e7bb4350ed7e') in 0.002483 seconds
  Import took 0.004516 seconds .

========================================================================
Received Import Request.
  Time since last request: 29.425649 seconds.
  path: Assets/Scripts/Building/BuildController.cs
  artifactKey: Guid(425026accd976c2408aab9769f5c150a) Importer(815301076,1909f56bfc062723c751e8b465ee728b)
Start importing Assets/Scripts/Building/BuildController.cs using Guid(425026accd976c2408aab9769f5c150a) Importer(815301076,1909f56bfc062723c751e8b465ee728b)  -> (artifact id: 'f18ace034e11f85a9093093518364a83') in 0.002707 seconds
  Import took 0.004746 seconds .

========================================================================
Received Import Request.
  Time since last request: 29.883088 seconds.
  path: Assets/Scripts/Building/BuildController.cs
  artifactKey: Guid(425026accd976c2408aab9769f5c150a) Importer(815301076,1909f56bfc062723c751e8b465ee728b)
Start importing Assets/Scripts/Building/BuildController.cs using Guid(425026accd976c2408aab9769f5c150a) Importer(815301076,1909f56bfc062723c751e8b465ee728b)  -> (artifact id: 'a6d6f25c0eb7af7df58adcac2cab7406') in 0.005038 seconds
  Import took 0.007009 seconds .

========================================================================
Received Import Request.
  Time since last request: 16.393126 seconds.
  path: Assets/Scripts/Building/BuildController.cs
  artifactKey: Guid(425026accd976c2408aab9769f5c150a) Importer(815301076,1909f56bfc062723c751e8b465ee728b)
Start importing Assets/Scripts/Building/BuildController.cs using Guid(425026accd976c2408aab9769f5c150a) Importer(815301076,1909f56bfc062723c751e8b465ee728b)  -> (artifact id: 'fcaea52cbb6db9d7c187d5393438c7ec') in 0.002492 seconds
  Import took 0.004411 seconds .

========================================================================
Received Import Request.
  Time since last request: 14.813438 seconds.
  path: Assets/Scripts/Building/BuildController.cs
  artifactKey: Guid(425026accd976c2408aab9769f5c150a) Importer(815301076,1909f56bfc062723c751e8b465ee728b)
Start importing Assets/Scripts/Building/BuildController.cs using Guid(425026accd976c2408aab9769f5c150a) Importer(815301076,1909f56bfc062723c751e8b465ee728b)  -> (artifact id: '674bdc25ebbe2242c54e614869377acc') in 0.005157 seconds
  Import took 0.007579 seconds .

========================================================================
Received Prepare
Registering precompiled user dll's ...
Registered in 0.000526 seconds.
Begin MonoManager ReloadAssembly
Native extension for LinuxStandalone target not found
Native extension for WindowsStandalone target not found
Native extension for WebGL target not found
Refreshing native plugins compatible for Editor in 0.25 ms, found 0 plugins.
Preloading 0 native plugins for Editor in 0.00 ms.
Invoked RoslynAnalysisRunner static constructor.
RoslynAnalysisRunner will not be running.
RoslynAnalysisRunner has terminated.
Mono: successfully reloaded assembly
- Completed reload, in  0.590 seconds
Platform modules already initialized, skipping
Refreshing native plugins compatible for Editor in 0.24 ms, found 0 plugins.
Preloading 0 native plugins for Editor in 0.00 ms.
Unloading 1403 Unused Serialized files (Serialized files now loaded: 0)
System memory in use before: 71.1 MB.
System memory in use after: 71.2 MB.

Unloading 5 unused Assets to reduce memory usage. Loaded Objects now: 1873.
Total: 2.166000 ms (FindLiveObjects: 0.430200 ms CreateObjectMapping: 0.176700 ms MarkObjects: 1.510600 ms  DeleteObjects: 0.046000 ms)

========================================================================
Received Prepare
Registering precompiled user dll's ...
Registered in 0.000501 seconds.
Begin MonoManager ReloadAssembly
Native extension for LinuxStandalone target not found
Native extension for WindowsStandalone target not found
Native extension for WebGL target not found
Refreshing native plugins compatible for Editor in 0.25 ms, found 0 plugins.
Preloading 0 native plugins for Editor in 0.00 ms.
Invoked RoslynAnalysisRunner static constructor.
RoslynAnalysisRunner will not be running.
RoslynAnalysisRunner has terminated.
Mono: successfully reloaded assembly
- Completed reload, in  0.592 seconds
Platform modules already initialized, skipping
Refreshing native plugins compatible for Editor in 0.24 ms, found 0 plugins.
Preloading 0 native plugins for Editor in 0.00 ms.
Unloading 1403 Unused Serialized files (Serialized files now loaded: 0)
System memory in use before: 71.3 MB.
System memory in use after: 71.4 MB.

Unloading 5 unused Assets to reduce memory usage. Loaded Objects now: 1875.
Total: 1.489300 ms (FindLiveObjects: 0.155800 ms CreateObjectMapping: 0.042200 ms MarkObjects: 1.248700 ms  DeleteObjects: 0.042000 ms)

========================================================================
Received Prepare
Registering precompiled user dll's ...
Registered in 0.000429 seconds.
Begin MonoManager ReloadAssembly
Native extension for LinuxStandalone target not found
Native extension for WindowsStandalone target not found
Native extension for WebGL target not found
Refreshing native plugins compatible for Editor in 0.31 ms, found 0 plugins.
Preloading 0 native plugins for Editor in 0.00 ms.
Invoked RoslynAnalysisRunner static constructor.
RoslynAnalysisRunner will not be running.
RoslynAnalysisRunner has terminated.
Mono: successfully reloaded assembly
- Completed reload, in  0.588 seconds
Platform modules already initialized, skipping
Refreshing native plugins compatible for Editor in 0.26 ms, found 0 plugins.
Preloading 0 native plugins for Editor in 0.00 ms.
Unloading 1403 Unused Serialized files (Serialized files now loaded: 0)
System memory in use before: 71.9 MB.
System memory in use after: 72.0 MB.

Unloading 5 unused Assets to reduce memory usage. Loaded Objects now: 1877.
Total: 1.743100 ms (FindLiveObjects: 0.153800 ms CreateObjectMapping: 0.047000 ms MarkObjects: 1.488800 ms  DeleteObjects: 0.052800 ms)

========================================================================
Received Prepare
Registering precompiled user dll's ...
Registered in 0.000455 seconds.
Begin MonoManager ReloadAssembly
Native extension for LinuxStandalone target not found
Native extension for WindowsStandalone target not found
Native extension for WebGL target not found
Refreshing native plugins compatible for Editor in 0.25 ms, found 0 plugins.
Preloading 0 native plugins for Editor in 0.00 ms.
Invoked RoslynAnalysisRunner static constructor.
RoslynAnalysisRunner will not be running.
RoslynAnalysisRunner has terminated.
Mono: successfully reloaded assembly
- Completed reload, in  0.585 seconds
Platform modules already initialized, skipping
Refreshing native plugins compatible for Editor in 0.25 ms, found 0 plugins.
Preloading 0 native plugins for Editor in 0.00 ms.
Unloading 1403 Unused Serialized files (Serialized files now loaded: 0)
System memory in use before: 72.3 MB.
System memory in use after: 72.4 MB.

Unloading 5 unused Assets to reduce memory usage. Loaded Objects now: 1879.
Total: 1.406800 ms (FindLiveObjects: 0.135500 ms CreateObjectMapping: 0.039700 ms MarkObjects: 1.191500 ms  DeleteObjects: 0.039500 ms)

========================================================================
Received Prepare
Registering precompiled user dll's ...
Registered in 0.000510 seconds.
Begin MonoManager ReloadAssembly
Native extension for LinuxStandalone target not found
Native extension for WindowsStandalone target not found
Native extension for WebGL target not found
Refreshing native plugins compatible for Editor in 0.25 ms, found 0 plugins.
Preloading 0 native plugins for Editor in 0.00 ms.
Invoked RoslynAnalysisRunner static constructor.
RoslynAnalysisRunner will not be running.
RoslynAnalysisRunner has terminated.
Mono: successfully reloaded assembly
- Completed reload, in  0.580 seconds
Platform modules already initialized, skipping
Refreshing native plugins compatible for Editor in 0.25 ms, found 0 plugins.
Preloading 0 native plugins for Editor in 0.00 ms.
Unloading 1403 Unused Serialized files (Serialized files now loaded: 0)
System memory in use before: 72.4 MB.
System memory in use after: 72.4 MB.

Unloading 5 unused Assets to reduce memory usage. Loaded Objects now: 1881.
Total: 2.427200 ms (FindLiveObjects: 0.223100 ms CreateObjectMapping: 0.061300 ms MarkObjects: 2.097000 ms  DeleteObjects: 0.044400 ms)

========================================================================
Received Prepare
Registering precompiled user dll's ...
Registered in 0.000458 seconds.
Begin MonoManager ReloadAssembly
Native extension for LinuxStandalone target not found
Native extension for WindowsStandalone target not found
Native extension for WebGL target not found
Refreshing native plugins compatible for Editor in 0.25 ms, found 0 plugins.
Preloading 0 native plugins for Editor in 0.00 ms.
Invoked RoslynAnalysisRunner static constructor.
RoslynAnalysisRunner will not be running.
RoslynAnalysisRunner has terminated.
Mono: successfully reloaded assembly
- Completed reload, in  0.584 seconds
Platform modules already initialized, skipping
Refreshing native plugins compatible for Editor in 0.29 ms, found 0 plugins.
Preloading 0 native plugins for Editor in 0.00 ms.
Unloading 1403 Unused Serialized files (Serialized files now loaded: 0)
System memory in use before: 72.1 MB.
System memory in use after: 72.2 MB.

Unloading 5 unused Assets to reduce memory usage. Loaded Objects now: 1883.
Total: 1.396600 ms (FindLiveObjects: 0.145700 ms CreateObjectMapping: 0.036200 ms MarkObjects: 1.175700 ms  DeleteObjects: 0.038200 ms)

========================================================================
Received Prepare
Registering precompiled user dll's ...
Registered in 0.000546 seconds.
Begin MonoManager ReloadAssembly
Native extension for LinuxStandalone target not found
Native extension for WindowsStandalone target not found
Native extension for WebGL target not found
Refreshing native plugins compatible for Editor in 0.25 ms, found 0 plugins.
Preloading 0 native plugins for Editor in 0.00 ms.
Invoked RoslynAnalysisRunner static constructor.
RoslynAnalysisRunner will not be running.
RoslynAnalysisRunner has terminated.
Mono: successfully reloaded assembly
- Completed reload, in  0.586 seconds
Platform modules already initialized, skipping
Refreshing native plugins compatible for Editor in 0.24 ms, found 0 plugins.
Preloading 0 native plugins for Editor in 0.00 ms.
Unloading 1403 Unused Serialized files (Serialized files now loaded: 0)
System memory in use before: 72.4 MB.
System memory in use after: 72.5 MB.

Unloading 5 unused Assets to reduce memory usage. Loaded Objects now: 1885.
Total: 1.818200 ms (FindLiveObjects: 0.225300 ms CreateObjectMapping: 0.054200 ms MarkObjects: 1.496100 ms  DeleteObjects: 0.042000 ms)

========================================================================
Received Import Request.
  Time since last request: 356.106040 seconds.
  path: Assets/Prefabs/Building/BrickWall.prefab
  artifactKey: Guid(b42bffc06f070764abfb7e68faad85d2) Importer(815301076,1909f56bfc062723c751e8b465ee728b)
Start importing Assets/Prefabs/Building/BrickWall.prefab using Guid(b42bffc06f070764abfb7e68faad85d2) Importer(815301076,1909f56bfc062723c751e8b465ee728b)  -> (artifact id: '670fd2f6b7e3bee0c0ab8836edb6431d') in 0.072079 seconds
  Import took 0.074028 seconds .

========================================================================
Received Import Request.
  Time since last request: 7.315264 seconds.
  path: Assets/Prefabs/Building/BrickWall.prefab
  artifactKey: Guid(b42bffc06f070764abfb7e68faad85d2) Importer(815301076,1909f56bfc062723c751e8b465ee728b)
Start importing Assets/Prefabs/Building/BrickWall.prefab using Guid(b42bffc06f070764abfb7e68faad85d2) Importer(815301076,1909f56bfc062723c751e8b465ee728b)  -> (artifact id: '12d54b303e7fdd205a8b60408618bb58') in 0.023551 seconds
  Import took 0.025780 seconds .

========================================================================
Received Import Request.
  Time since last request: 4.004924 seconds.
  path: Assets/Prefabs/Building/BrickWall.prefab
  artifactKey: Guid(b42bffc06f070764abfb7e68faad85d2) Importer(815301076,1909f56bfc062723c751e8b465ee728b)
Start importing Assets/Prefabs/Building/BrickWall.prefab using Guid(b42bffc06f070764abfb7e68faad85d2) Importer(815301076,1909f56bfc062723c751e8b465ee728b)  -> (artifact id: '8209244408582f61f23c4b606372bf6c') in 0.009793 seconds
  Import took 0.012236 seconds .

========================================================================
Received Import Request.
  Time since last request: 6.630405 seconds.
  path: Assets/Prefabs/Building/BrickWall.prefab
  artifactKey: Guid(b42bffc06f070764abfb7e68faad85d2) Importer(815301076,1909f56bfc062723c751e8b465ee728b)
Start importing Assets/Prefabs/Building/BrickWall.prefab using Guid(b42bffc06f070764abfb7e68faad85d2) Importer(815301076,1909f56bfc062723c751e8b465ee728b)  -> (artifact id: '740347b9f5412dbd9b7807f37c98e190') in 0.008199 seconds
  Import took 0.010618 seconds .

========================================================================
Received Import Request.
  Time since last request: 4.041621 seconds.
  path: Assets/Prefabs/Building/BrickWall.prefab
  artifactKey: Guid(b42bffc06f070764abfb7e68faad85d2) Importer(815301076,1909f56bfc062723c751e8b465ee728b)
Start importing Assets/Prefabs/Building/BrickWall.prefab using Guid(b42bffc06f070764abfb7e68faad85d2) Importer(815301076,1909f56bfc062723c751e8b465ee728b)  -> (artifact id: '473d684c2ca3450e1825d779ce216bb6') in 0.008630 seconds
  Import took 0.011073 seconds .

========================================================================
Received Import Request.
  Time since last request: 7.381480 seconds.
  path: Assets/Prefabs/Building/BrickWall.prefab
  artifactKey: Guid(b42bffc06f070764abfb7e68faad85d2) Importer(815301076,1909f56bfc062723c751e8b465ee728b)
Start importing Assets/Prefabs/Building/BrickWall.prefab using Guid(b42bffc06f070764abfb7e68faad85d2) Importer(815301076,1909f56bfc062723c751e8b465ee728b)  -> (artifact id: '4cbf0a082db4b74fe003bab2c4adb2da') in 0.013100 seconds
  Import took 0.015425 seconds .

========================================================================
Received Prepare
Registering precompiled user dll's ...
Registered in 0.000433 seconds.
Begin MonoManager ReloadAssembly
Native extension for LinuxStandalone target not found
Native extension for WindowsStandalone target not found
Native extension for WebGL target not found
Refreshing native plugins compatible for Editor in 0.25 ms, found 0 plugins.
Preloading 0 native plugins for Editor in 0.00 ms.
Invoked RoslynAnalysisRunner static constructor.
RoslynAnalysisRunner will not be running.
RoslynAnalysisRunner has terminated.
Mono: successfully reloaded assembly
- Completed reload, in  0.579 seconds
Platform modules already initialized, skipping
Refreshing native plugins compatible for Editor in 0.24 ms, found 0 plugins.
Preloading 0 native plugins for Editor in 0.00 ms.
Unloading 1403 Unused Serialized files (Serialized files now loaded: 0)
System memory in use before: 75.1 MB.
System memory in use after: 75.2 MB.

Unloading 5 unused Assets to reduce memory usage. Loaded Objects now: 1895.
Total: 1.557100 ms (FindLiveObjects: 0.156300 ms CreateObjectMapping: 0.061400 ms MarkObjects: 1.300700 ms  DeleteObjects: 0.037200 ms)

========================================================================
Received Import Request.
  Time since last request: 43.706340 seconds.
  path: Assets/Prefabs/Building/SteelWall.prefab
  artifactKey: Guid(9628de31a7cce454ab695ccba13b900b) Importer(815301076,1909f56bfc062723c751e8b465ee728b)
Start importing Assets/Prefabs/Building/SteelWall.prefab using Guid(9628de31a7cce454ab695ccba13b900b) Importer(815301076,1909f56bfc062723c751e8b465ee728b)  -> (artifact id: '0eba62dd835409179e82ab45a03f6c3e') in 0.050287 seconds
  Import took 0.052440 seconds .

========================================================================
Received Import Request.
  Time since last request: 0.000149 seconds.
  path: Assets/Prefabs/Building/Wall.prefab
  artifactKey: Guid(61e9174e11153e5479f5743deaffeafe) Importer(815301076,1909f56bfc062723c751e8b465ee728b)
Start importing Assets/Prefabs/Building/Wall.prefab using Guid(61e9174e11153e5479f5743deaffeafe) Importer(815301076,1909f56bfc062723c751e8b465ee728b)  -> (artifact id: '72c8b349338b890ae229722affea2d98') in 0.012613 seconds
  Import took 0.014550 seconds .

========================================================================
Received Import Request.
  Time since last request: 0.000161 seconds.
  path: Assets/Prefabs/Building/WoodWall.prefab
  artifactKey: Guid(45992d326a7c5014782ad1d3a6551987) Importer(815301076,1909f56bfc062723c751e8b465ee728b)
Start importing Assets/Prefabs/Building/WoodWall.prefab using Guid(45992d326a7c5014782ad1d3a6551987) Importer(815301076,1909f56bfc062723c751e8b465ee728b)  -> (artifact id: 'f51e4852b747f07c2e379d15bc726779') in 0.037796 seconds
  Import took 0.040071 seconds .

========================================================================
Received Import Request.
  Time since last request: 0.000135 seconds.
  path: Assets/Prefabs/Building/BrickWall.prefab
  artifactKey: Guid(b42bffc06f070764abfb7e68faad85d2) Importer(815301076,1909f56bfc062723c751e8b465ee728b)
Start importing Assets/Prefabs/Building/BrickWall.prefab using Guid(b42bffc06f070764abfb7e68faad85d2) Importer(815301076,1909f56bfc062723c751e8b465ee728b)  -> (artifact id: '6356a1d36d80f0f0c0669acbaff00f43') in 0.042150 seconds
  Import took 0.044410 seconds .

========================================================================
Received Import Request.
  Time since last request: 3.123113 seconds.
  path: Assets/Prefabs/Building/BrickWall.prefab
  artifactKey: Guid(b42bffc06f070764abfb7e68faad85d2) Importer(815301076,1909f56bfc062723c751e8b465ee728b)
Start importing Assets/Prefabs/Building/BrickWall.prefab using Guid(b42bffc06f070764abfb7e68faad85d2) Importer(815301076,1909f56bfc062723c751e8b465ee728b)  -> (artifact id: 'd909ecc286f4f125782e112c648f2422') in 0.007199 seconds
  Import took 0.010089 seconds .

========================================================================
Received Import Request.
  Time since last request: 19.680034 seconds.
  path: Assets/Prefabs/Building/BrickWall.prefab
  artifactKey: Guid(b42bffc06f070764abfb7e68faad85d2) Importer(815301076,1909f56bfc062723c751e8b465ee728b)
Start importing Assets/Prefabs/Building/BrickWall.prefab using Guid(b42bffc06f070764abfb7e68faad85d2) Importer(815301076,1909f56bfc062723c751e8b465ee728b)  -> (artifact id: 'b17aa6b8e5627bc9c74892e7c8c57456') in 0.014971 seconds
  Import took 0.017069 seconds .

========================================================================
Received Import Request.
  Time since last request: 0.000137 seconds.
  path: Assets/Prefabs/Building/SteelWall.prefab
  artifactKey: Guid(9628de31a7cce454ab695ccba13b900b) Importer(815301076,1909f56bfc062723c751e8b465ee728b)
Start importing Assets/Prefabs/Building/SteelWall.prefab using Guid(9628de31a7cce454ab695ccba13b900b) Importer(815301076,1909f56bfc062723c751e8b465ee728b)  -> (artifact id: '3674b3dd4845d713a3cfc2b563024417') in 0.023454 seconds
  Import took 0.025805 seconds .

========================================================================
Received Import Request.
  Time since last request: 0.000208 seconds.
  path: Assets/Prefabs/Building/Wall.prefab
  artifactKey: Guid(61e9174e11153e5479f5743deaffeafe) Importer(815301076,1909f56bfc062723c751e8b465ee728b)
Start importing Assets/Prefabs/Building/Wall.prefab using Guid(61e9174e11153e5479f5743deaffeafe) Importer(815301076,1909f56bfc062723c751e8b465ee728b)  -> (artifact id: 'b12c0b2a3b2f0023ff10a1d6c5744e72') in 0.016250 seconds
  Import took 0.018096 seconds .

========================================================================
Received Import Request.
  Time since last request: 0.000132 seconds.
  path: Assets/Prefabs/Building/WoodWall.prefab
  artifactKey: Guid(45992d326a7c5014782ad1d3a6551987) Importer(815301076,1909f56bfc062723c751e8b465ee728b)
Start importing Assets/Prefabs/Building/WoodWall.prefab using Guid(45992d326a7c5014782ad1d3a6551987) Importer(815301076,1909f56bfc062723c751e8b465ee728b)  -> (artifact id: 'ff1b9cf5feb6624744cfaa7207d253a8') in 0.011334 seconds
  Import took 0.013436 seconds .

========================================================================
Received Import Request.
  Time since last request: 9.060552 seconds.
  path: Assets/Prefabs/Building/BrickWall.prefab
  artifactKey: Guid(b42bffc06f070764abfb7e68faad85d2) Importer(815301076,1909f56bfc062723c751e8b465ee728b)
Start importing Assets/Prefabs/Building/BrickWall.prefab using Guid(b42bffc06f070764abfb7e68faad85d2) Importer(815301076,1909f56bfc062723c751e8b465ee728b)  -> (artifact id: '3f9f56335588e63f94fbaea546358eac') in 0.040167 seconds
  Import took 0.042242 seconds .

========================================================================
Received Import Request.
  Time since last request: 0.000133 seconds.
  path: Assets/Prefabs/Building/SteelWall.prefab
  artifactKey: Guid(9628de31a7cce454ab695ccba13b900b) Importer(815301076,1909f56bfc062723c751e8b465ee728b)
Start importing Assets/Prefabs/Building/SteelWall.prefab using Guid(9628de31a7cce454ab695ccba13b900b) Importer(815301076,1909f56bfc062723c751e8b465ee728b)  -> (artifact id: '33fe4f0d5bad1822592044e491141cae') in 0.008127 seconds
  Import took 0.010105 seconds .

========================================================================
Received Import Request.
  Time since last request: 0.000223 seconds.
  path: Assets/Prefabs/Building/Wall.prefab
  artifactKey: Guid(61e9174e11153e5479f5743deaffeafe) Importer(815301076,1909f56bfc062723c751e8b465ee728b)
Start importing Assets/Prefabs/Building/Wall.prefab using Guid(61e9174e11153e5479f5743deaffeafe) Importer(815301076,1909f56bfc062723c751e8b465ee728b)  -> (artifact id: '248354fd54f3098e7b6dd882d6d1555c') in 0.013343 seconds
  Import took 0.015381 seconds .

========================================================================
Received Import Request.
  Time since last request: 0.000152 seconds.
  path: Assets/Prefabs/Building/WoodWall.prefab
  artifactKey: Guid(45992d326a7c5014782ad1d3a6551987) Importer(815301076,1909f56bfc062723c751e8b465ee728b)
Start importing Assets/Prefabs/Building/WoodWall.prefab using Guid(45992d326a7c5014782ad1d3a6551987) Importer(815301076,1909f56bfc062723c751e8b465ee728b)  -> (artifact id: 'caf8f9b2a3e3def0afeb424462d8ba92') in 0.016422 seconds
  Import took 0.019041 seconds .

========================================================================
Received Import Request.
  Time since last request: 2.735757 seconds.
  path: Assets/Prefabs/Building/BrickWall.prefab
  artifactKey: Guid(b42bffc06f070764abfb7e68faad85d2) Importer(815301076,1909f56bfc062723c751e8b465ee728b)
Start importing Assets/Prefabs/Building/BrickWall.prefab using Guid(b42bffc06f070764abfb7e68faad85d2) Importer(815301076,1909f56bfc062723c751e8b465ee728b)  -> (artifact id: '26e1af7e97365dcf5dd0f4e158be68dc') in 0.007923 seconds
  Import took 0.010217 seconds .

========================================================================
Received Import Request.
  Time since last request: 0.000134 seconds.
  path: Assets/Prefabs/Building/SteelWall.prefab
  artifactKey: Guid(9628de31a7cce454ab695ccba13b900b) Importer(815301076,1909f56bfc062723c751e8b465ee728b)
Start importing Assets/Prefabs/Building/SteelWall.prefab using Guid(9628de31a7cce454ab695ccba13b900b) Importer(815301076,1909f56bfc062723c751e8b465ee728b)  -> (artifact id: 'a4e36a09bd0d44b6201c5a743cd76251') in 0.022144 seconds
  Import took 0.024149 seconds .

========================================================================
Received Import Request.
  Time since last request: 0.000169 seconds.
  path: Assets/Prefabs/Building/Wall.prefab
  artifactKey: Guid(61e9174e11153e5479f5743deaffeafe) Importer(815301076,1909f56bfc062723c751e8b465ee728b)
Start importing Assets/Prefabs/Building/Wall.prefab using Guid(61e9174e11153e5479f5743deaffeafe) Importer(815301076,1909f56bfc062723c751e8b465ee728b)  -> (artifact id: '32e022e58b01f8e7759b682dbaf5795e') in 0.008373 seconds
  Import took 0.010549 seconds .

========================================================================
Received Import Request.
  Time since last request: 0.000140 seconds.
  path: Assets/Prefabs/Building/WoodWall.prefab
  artifactKey: Guid(45992d326a7c5014782ad1d3a6551987) Importer(815301076,1909f56bfc062723c751e8b465ee728b)
Start importing Assets/Prefabs/Building/WoodWall.prefab using Guid(45992d326a7c5014782ad1d3a6551987) Importer(815301076,1909f56bfc062723c751e8b465ee728b)  -> (artifact id: 'd8a0aa0c6035216d7113a85c850e601a') in 0.061910 seconds
  Import took 0.064043 seconds .

========================================================================
Received Import Request.
  Time since last request: 28.335899 seconds.
  path: Assets/Prefabs/Building/BrickWall.prefab
  artifactKey: Guid(b42bffc06f070764abfb7e68faad85d2) Importer(815301076,1909f56bfc062723c751e8b465ee728b)
Start importing Assets/Prefabs/Building/BrickWall.prefab using Guid(b42bffc06f070764abfb7e68faad85d2) Importer(815301076,1909f56bfc062723c751e8b465ee728b)  -> (artifact id: '9cbf8ae93c873fbe99c4fb9958848325') in 0.010697 seconds
  Import took 0.013027 seconds .

========================================================================
Received Import Request.
  Time since last request: 0.000198 seconds.
  path: Assets/Prefabs/Building/SteelWall.prefab
  artifactKey: Guid(9628de31a7cce454ab695ccba13b900b) Importer(815301076,1909f56bfc062723c751e8b465ee728b)
Start importing Assets/Prefabs/Building/SteelWall.prefab using Guid(9628de31a7cce454ab695ccba13b900b) Importer(815301076,1909f56bfc062723c751e8b465ee728b)  -> (artifact id: '7b1a9f7ef03ecff0812e2576ce39e68e') in 0.007519 seconds
  Import took 0.009622 seconds .

========================================================================
Received Import Request.
  Time since last request: 0.000140 seconds.
  path: Assets/Prefabs/Building/Wall.prefab
  artifactKey: Guid(61e9174e11153e5479f5743deaffeafe) Importer(815301076,1909f56bfc062723c751e8b465ee728b)
Start importing Assets/Prefabs/Building/Wall.prefab using Guid(61e9174e11153e5479f5743deaffeafe) Importer(815301076,1909f56bfc062723c751e8b465ee728b)  -> (artifact id: '984d1451bea9aab35e43cd0ebba26235') in 0.007634 seconds
  Import took 0.009952 seconds .

========================================================================
Received Import Request.
  Time since last request: 0.000169 seconds.
  path: Assets/Prefabs/Building/WoodWall.prefab
  artifactKey: Guid(45992d326a7c5014782ad1d3a6551987) Importer(815301076,1909f56bfc062723c751e8b465ee728b)
Start importing Assets/Prefabs/Building/WoodWall.prefab using Guid(45992d326a7c5014782ad1d3a6551987) Importer(815301076,1909f56bfc062723c751e8b465ee728b)  -> (artifact id: '544020eb47e3b8d47951b759b0980961') in 0.012663 seconds
  Import took 0.014840 seconds .

========================================================================
Received Import Request.
  Time since last request: 9.655665 seconds.
  path: Assets/Prefabs/Building/Wall.prefab
  artifactKey: Guid(61e9174e11153e5479f5743deaffeafe) Importer(815301076,1909f56bfc062723c751e8b465ee728b)
Start importing Assets/Prefabs/Building/Wall.prefab using Guid(61e9174e11153e5479f5743deaffeafe) Importer(815301076,1909f56bfc062723c751e8b465ee728b)  -> (artifact id: 'a61bdb4669c53da9dff0d645ea9f9be8') in 0.007476 seconds
  Import took 0.009966 seconds .

========================================================================
Received Import Request.
  Time since last request: 0.066042 seconds.
  path: Assets/Prefabs/Building/BrickWall.prefab
  artifactKey: Guid(b42bffc06f070764abfb7e68faad85d2) Importer(815301076,1909f56bfc062723c751e8b465ee728b)
Start importing Assets/Prefabs/Building/BrickWall.prefab using Guid(b42bffc06f070764abfb7e68faad85d2) Importer(815301076,1909f56bfc062723c751e8b465ee728b)  -> (artifact id: 'af1ed14f8b72ecf21d17e01c6d3b0c2f') in 0.011623 seconds
  Import took 0.014909 seconds .

========================================================================
Received Import Request.
  Time since last request: 0.000195 seconds.
  path: Assets/Prefabs/Building/SteelWall.prefab
  artifactKey: Guid(9628de31a7cce454ab695ccba13b900b) Importer(815301076,1909f56bfc062723c751e8b465ee728b)
Start importing Assets/Prefabs/Building/SteelWall.prefab using Guid(9628de31a7cce454ab695ccba13b900b) Importer(815301076,1909f56bfc062723c751e8b465ee728b)  -> (artifact id: 'd1baddcc5870bd88414930532c5b60e1') in 0.006468 seconds
  Import took 0.008750 seconds .

========================================================================
Received Import Request.
  Time since last request: 0.000123 seconds.
  path: Assets/Prefabs/Building/WoodWall.prefab
  artifactKey: Guid(45992d326a7c5014782ad1d3a6551987) Importer(815301076,1909f56bfc062723c751e8b465ee728b)
Start importing Assets/Prefabs/Building/WoodWall.prefab using Guid(45992d326a7c5014782ad1d3a6551987) Importer(815301076,1909f56bfc062723c751e8b465ee728b)  -> (artifact id: '9f89e212c97101be6f66be41a1e2f43c') in 0.006743 seconds
  Import took 0.009055 seconds .

========================================================================
Received Import Request.
  Time since last request: 22.214672 seconds.
  path: Assets/Prefabs/Building/BrickWall.prefab
  artifactKey: Guid(b42bffc06f070764abfb7e68faad85d2) Importer(815301076,1909f56bfc062723c751e8b465ee728b)
Start importing Assets/Prefabs/Building/BrickWall.prefab using Guid(b42bffc06f070764abfb7e68faad85d2) Importer(815301076,1909f56bfc062723c751e8b465ee728b)  -> (artifact id: '2166d317a69cf191e8b2b3b463ccaa85') in 0.007821 seconds
  Import took 0.010331 seconds .

========================================================================
Received Import Request.
  Time since last request: 8.959829 seconds.
  path: Assets/Prefabs/Building/BrickWall.prefab
  artifactKey: Guid(b42bffc06f070764abfb7e68faad85d2) Importer(815301076,1909f56bfc062723c751e8b465ee728b)
Start importing Assets/Prefabs/Building/BrickWall.prefab using Guid(b42bffc06f070764abfb7e68faad85d2) Importer(815301076,1909f56bfc062723c751e8b465ee728b)  -> (artifact id: '6789aceca00e23b2ca15437b1fff6c0e') in 0.008063 seconds
  Import took 0.010781 seconds .

========================================================================
Received Import Request.
  Time since last request: 0.000126 seconds.
  path: Assets/Prefabs/Building/SteelWall.prefab
  artifactKey: Guid(9628de31a7cce454ab695ccba13b900b) Importer(815301076,1909f56bfc062723c751e8b465ee728b)
Start importing Assets/Prefabs/Building/SteelWall.prefab using Guid(9628de31a7cce454ab695ccba13b900b) Importer(815301076,1909f56bfc062723c751e8b465ee728b)  -> (artifact id: '33b271d3beeeb6273bdb1047c838ed50') in 0.006537 seconds
  Import took 0.008520 seconds .

========================================================================
Received Import Request.
  Time since last request: 0.000150 seconds.
  path: Assets/Prefabs/Building/Wall.prefab
  artifactKey: Guid(61e9174e11153e5479f5743deaffeafe) Importer(815301076,1909f56bfc062723c751e8b465ee728b)
Start importing Assets/Prefabs/Building/Wall.prefab using Guid(61e9174e11153e5479f5743deaffeafe) Importer(815301076,1909f56bfc062723c751e8b465ee728b)  -> (artifact id: '3c4d55fb8b87e986ab4105065876b6b2') in 0.006863 seconds
  Import took 0.008943 seconds .

========================================================================
Received Import Request.
  Time since last request: 0.000145 seconds.
  path: Assets/Prefabs/Building/WoodWall.prefab
  artifactKey: Guid(45992d326a7c5014782ad1d3a6551987) Importer(815301076,1909f56bfc062723c751e8b465ee728b)
Start importing Assets/Prefabs/Building/WoodWall.prefab using Guid(45992d326a7c5014782ad1d3a6551987) Importer(815301076,1909f56bfc062723c751e8b465ee728b)  -> (artifact id: '26bf11cbfc4cb48d9762b8b5bb344cb5') in 0.006690 seconds
  Import took 0.008716 seconds .

========================================================================
Received Import Request.
  Time since last request: 5.485399 seconds.
  path: Assets/Prefabs/Building/BrickWall.prefab
  artifactKey: Guid(b42bffc06f070764abfb7e68faad85d2) Importer(815301076,1909f56bfc062723c751e8b465ee728b)
Start importing Assets/Prefabs/Building/BrickWall.prefab using Guid(b42bffc06f070764abfb7e68faad85d2) Importer(815301076,1909f56bfc062723c751e8b465ee728b)  -> (artifact id: 'ecfa4227235d7c6fef4f7586fbc5297c') in 0.013418 seconds
  Import took 0.016444 seconds .

========================================================================
Received Prepare
Registering precompiled user dll's ...
Registered in 0.000529 seconds.
Begin MonoManager ReloadAssembly
Native extension for LinuxStandalone target not found
Native extension for WindowsStandalone target not found
Native extension for WebGL target not found
Refreshing native plugins compatible for Editor in 0.25 ms, found 0 plugins.
Preloading 0 native plugins for Editor in 0.00 ms.
Invoked RoslynAnalysisRunner static constructor.
RoslynAnalysisRunner will not be running.
RoslynAnalysisRunner has terminated.
Mono: successfully reloaded assembly
- Completed reload, in  0.580 seconds
Platform modules already initialized, skipping
Refreshing native plugins compatible for Editor in 0.24 ms, found 0 plugins.
Preloading 0 native plugins for Editor in 0.00 ms.
Unloading 1403 Unused Serialized files (Serialized files now loaded: 0)
System memory in use before: 75.6 MB.
System memory in use after: 75.7 MB.

Unloading 7 unused Assets to reduce memory usage. Loaded Objects now: 1898.
Total: 1.579800 ms (FindLiveObjects: 0.126700 ms CreateObjectMapping: 0.046800 ms MarkObjects: 1.362200 ms  DeleteObjects: 0.043400 ms)

========================================================================
Received Prepare
Registering precompiled user dll's ...
Registered in 0.000430 seconds.
Begin MonoManager ReloadAssembly
Native extension for LinuxStandalone target not found
Native extension for WindowsStandalone target not found
Native extension for WebGL target not found
Refreshing native plugins compatible for Editor in 0.24 ms, found 0 plugins.
Preloading 0 native plugins for Editor in 0.00 ms.
Invoked RoslynAnalysisRunner static constructor.
RoslynAnalysisRunner will not be running.
RoslynAnalysisRunner has terminated.
Mono: successfully reloaded assembly
- Completed reload, in  0.586 seconds
Platform modules already initialized, skipping
Refreshing native plugins compatible for Editor in 0.24 ms, found 0 plugins.
Preloading 0 native plugins for Editor in 0.00 ms.
Unloading 1403 Unused Serialized files (Serialized files now loaded: 0)
System memory in use before: 75.6 MB.
System memory in use after: 75.7 MB.

Unloading 5 unused Assets to reduce memory usage. Loaded Objects now: 1900.
Total: 1.687000 ms (FindLiveObjects: 0.162200 ms CreateObjectMapping: 0.045200 ms MarkObjects: 1.435500 ms  DeleteObjects: 0.043200 ms)

========================================================================
Received Prepare
Registering precompiled user dll's ...
Registered in 0.000423 seconds.
Begin MonoManager ReloadAssembly
Native extension for LinuxStandalone target not found
Native extension for WindowsStandalone target not found
Native extension for WebGL target not found
Refreshing native plugins compatible for Editor in 0.28 ms, found 0 plugins.
Preloading 0 native plugins for Editor in 0.00 ms.
Invoked RoslynAnalysisRunner static constructor.
RoslynAnalysisRunner will not be running.
RoslynAnalysisRunner has terminated.
Mono: successfully reloaded assembly
- Completed reload, in  0.605 seconds
Platform modules already initialized, skipping
Refreshing native plugins compatible for Editor in 0.27 ms, found 0 plugins.
Preloading 0 native plugins for Editor in 0.00 ms.
Unloading 1403 Unused Serialized files (Serialized files now loaded: 0)
System memory in use before: 75.4 MB.
System memory in use after: 75.5 MB.

Unloading 5 unused Assets to reduce memory usage. Loaded Objects now: 1902.
Total: 1.468900 ms (FindLiveObjects: 0.197800 ms CreateObjectMapping: 0.050400 ms MarkObjects: 1.182300 ms  DeleteObjects: 0.037600 ms)

========================================================================
Received Prepare
Registering precompiled user dll's ...
Registered in 0.000517 seconds.
Begin MonoManager ReloadAssembly
Native extension for LinuxStandalone target not found
Native extension for WindowsStandalone target not found
Native extension for WebGL target not found
Refreshing native plugins compatible for Editor in 0.27 ms, found 0 plugins.
Preloading 0 native plugins for Editor in 0.00 ms.
Invoked RoslynAnalysisRunner static constructor.
RoslynAnalysisRunner will not be running.
RoslynAnalysisRunner has terminated.
Mono: successfully reloaded assembly
- Completed reload, in  0.584 seconds
Platform modules already initialized, skipping
Refreshing native plugins compatible for Editor in 0.34 ms, found 0 plugins.
Preloading 0 native plugins for Editor in 0.00 ms.
Unloading 1403 Unused Serialized files (Serialized files now loaded: 0)
System memory in use before: 75.6 MB.
System memory in use after: 75.7 MB.

Unloading 5 unused Assets to reduce memory usage. Loaded Objects now: 1904.
Total: 1.548200 ms (FindLiveObjects: 0.186000 ms CreateObjectMapping: 0.047100 ms MarkObjects: 1.264600 ms  DeleteObjects: 0.049600 ms)

========================================================================
Received Prepare
Registering precompiled user dll's ...
Registered in 0.000473 seconds.
Begin MonoManager ReloadAssembly
Native extension for LinuxStandalone target not found
Native extension for WindowsStandalone target not found
Native extension for WebGL target not found
Refreshing native plugins compatible for Editor in 0.27 ms, found 0 plugins.
Preloading 0 native plugins for Editor in 0.00 ms.
Invoked RoslynAnalysisRunner static constructor.
RoslynAnalysisRunner will not be running.
RoslynAnalysisRunner has terminated.
Mono: successfully reloaded assembly
- Completed reload, in  0.581 seconds
Platform modules already initialized, skipping
Refreshing native plugins compatible for Editor in 0.26 ms, found 0 plugins.
Preloading 0 native plugins for Editor in 0.00 ms.
Unloading 1403 Unused Serialized files (Serialized files now loaded: 0)
System memory in use before: 75.3 MB.
System memory in use after: 75.3 MB.

Unloading 5 unused Assets to reduce memory usage. Loaded Objects now: 1906.
Total: 1.635200 ms (FindLiveObjects: 0.159800 ms CreateObjectMapping: 0.055500 ms MarkObjects: 1.374800 ms  DeleteObjects: 0.044500 ms)

========================================================================
Received Prepare
Registering precompiled user dll's ...
Registered in 0.000426 seconds.
Begin MonoManager ReloadAssembly
Native extension for LinuxStandalone target not found
Native extension for WindowsStandalone target not found
Native extension for WebGL target not found
Refreshing native plugins compatible for Editor in 0.24 ms, found 0 plugins.
Preloading 0 native plugins for Editor in 0.00 ms.
Invoked RoslynAnalysisRunner static constructor.
RoslynAnalysisRunner will not be running.
RoslynAnalysisRunner has terminated.
Mono: successfully reloaded assembly
- Completed reload, in  0.573 seconds
Platform modules already initialized, skipping
Refreshing native plugins compatible for Editor in 0.25 ms, found 0 plugins.
Preloading 0 native plugins for Editor in 0.00 ms.
Unloading 1403 Unused Serialized files (Serialized files now loaded: 0)
System memory in use before: 75.6 MB.
System memory in use after: 75.7 MB.

Unloading 5 unused Assets to reduce memory usage. Loaded Objects now: 1908.
Total: 1.895900 ms (FindLiveObjects: 0.202100 ms CreateObjectMapping: 0.054700 ms MarkObjects: 1.589900 ms  DeleteObjects: 0.048500 ms)

========================================================================
Received Prepare
Registering precompiled user dll's ...
Registered in 0.000442 seconds.
Begin MonoManager ReloadAssembly
Native extension for LinuxStandalone target not found
Native extension for WindowsStandalone target not found
Native extension for WebGL target not found
Refreshing native plugins compatible for Editor in 0.25 ms, found 0 plugins.
Preloading 0 native plugins for Editor in 0.00 ms.
Invoked RoslynAnalysisRunner static constructor.
RoslynAnalysisRunner will not be running.
RoslynAnalysisRunner has terminated.
Mono: successfully reloaded assembly
- Completed reload, in  0.578 seconds
Platform modules already initialized, skipping
Refreshing native plugins compatible for Editor in 0.27 ms, found 0 plugins.
Preloading 0 native plugins for Editor in 0.00 ms.
Unloading 1403 Unused Serialized files (Serialized files now loaded: 0)
System memory in use before: 75.1 MB.
System memory in use after: 75.2 MB.

Unloading 5 unused Assets to reduce memory usage. Loaded Objects now: 1910.
Total: 1.570300 ms (FindLiveObjects: 0.130000 ms CreateObjectMapping: 0.042700 ms MarkObjects: 1.354700 ms  DeleteObjects: 0.042000 ms)

========================================================================
Received Prepare
Registering precompiled user dll's ...
Registered in 0.000535 seconds.
Begin MonoManager ReloadAssembly
Native extension for LinuxStandalone target not found
Native extension for WindowsStandalone target not found
Native extension for WebGL target not found
Refreshing native plugins compatible for Editor in 0.25 ms, found 0 plugins.
Preloading 0 native plugins for Editor in 0.00 ms.
Invoked RoslynAnalysisRunner static constructor.
RoslynAnalysisRunner will not be running.
RoslynAnalysisRunner has terminated.
Mono: successfully reloaded assembly
- Completed reload, in  0.580 seconds
Platform modules already initialized, skipping
Refreshing native plugins compatible for Editor in 0.24 ms, found 0 plugins.
Preloading 0 native plugins for Editor in 0.00 ms.
Unloading 1403 Unused Serialized files (Serialized files now loaded: 0)
System memory in use before: 75.5 MB.
System memory in use after: 75.6 MB.

Unloading 5 unused Assets to reduce memory usage. Loaded Objects now: 1912.
Total: 1.781100 ms (FindLiveObjects: 0.255300 ms CreateObjectMapping: 0.064700 ms MarkObjects: 1.414600 ms  DeleteObjects: 0.045500 ms)

========================================================================
Received Import Request.
  Time since last request: 580.964608 seconds.
  path: Assets/Art/Materials/Brick.mat
  artifactKey: Guid(4ca0b02d4e5619b4585b42d8f6cc992c) Importer(815301076,1909f56bfc062723c751e8b465ee728b)
Start importing Assets/Art/Materials/Brick.mat using Guid(4ca0b02d4e5619b4585b42d8f6cc992c) Importer(815301076,1909f56bfc062723c751e8b465ee728b)  -> (artifact id: '779aad1ebd9e85a57f9a55c2fbae9ae4') in 0.057216 seconds
  Import took 0.059500 seconds .

========================================================================
Received Import Request.
  Time since last request: 0.000139 seconds.
  path: Assets/Art/Materials/Wood.mat
  artifactKey: Guid(16c177d681e443d4a81b47fbce32db68) Importer(815301076,1909f56bfc062723c751e8b465ee728b)
Start importing Assets/Art/Materials/Wood.mat using Guid(16c177d681e443d4a81b47fbce32db68) Importer(815301076,1909f56bfc062723c751e8b465ee728b)  -> (artifact id: 'a7af459098fd300a147d754a6dea21a8') in 0.012121 seconds
  Import took 0.014027 seconds .

========================================================================
Received Import Request.
  Time since last request: 0.000122 seconds.
  path: Assets/Art/Materials/Steel.mat
  artifactKey: Guid(ddd071b2fff3f2042ad4f0aff338dc8a) Importer(815301076,1909f56bfc062723c751e8b465ee728b)
Start importing Assets/Art/Materials/Steel.mat using Guid(ddd071b2fff3f2042ad4f0aff338dc8a) Importer(815301076,1909f56bfc062723c751e8b465ee728b)  -> (artifact id: 'dbea673675d887b2e59bcfd5c38a7e8f') in 0.010143 seconds
  Import took 0.012206 seconds .

========================================================================
Received Import Request.
  Time since last request: 76.751527 seconds.
  path: ProjectSettings/TagManager.asset
  artifactKey: Guid(00000000000000003000000000000000) Importer(815301076,1909f56bfc062723c751e8b465ee728b)
Start importing ProjectSettings/TagManager.asset using Guid(00000000000000003000000000000000) Importer(815301076,1909f56bfc062723c751e8b465ee728b)  -> (artifact id: 'e93dff5e2aaae20e27dcd6aa5e30bd57') in 0.007626 seconds
  Import took 0.009988 seconds .

========================================================================
Received Prepare
Registering precompiled user dll's ...
Registered in 0.000518 seconds.
Begin MonoManager ReloadAssembly
Native extension for LinuxStandalone target not found
Native extension for WindowsStandalone target not found
Native extension for WebGL target not found
Refreshing native plugins compatible for Editor in 0.25 ms, found 0 plugins.
Preloading 0 native plugins for Editor in 0.00 ms.
Invoked RoslynAnalysisRunner static constructor.
RoslynAnalysisRunner will not be running.
RoslynAnalysisRunner has terminated.
Mono: successfully reloaded assembly
- Completed reload, in  0.578 seconds
Platform modules already initialized, skipping
Refreshing native plugins compatible for Editor in 0.27 ms, found 0 plugins.
Preloading 0 native plugins for Editor in 0.00 ms.
Unloading 1403 Unused Serialized files (Serialized files now loaded: 0)
System memory in use before: 75.9 MB.
System memory in use after: 76.0 MB.

Unloading 6 unused Assets to reduce memory usage. Loaded Objects now: 1948.
Total: 1.543300 ms (FindLiveObjects: 0.145300 ms CreateObjectMapping: 0.046100 ms MarkObjects: 1.314800 ms  DeleteObjects: 0.036500 ms)

========================================================================
Received Import Request.
  Time since last request: 11.766669 seconds.
  path: Assets/Prefabs/Building/SteelWall.prefab
  artifactKey: Guid(9628de31a7cce454ab695ccba13b900b) Importer(815301076,1909f56bfc062723c751e8b465ee728b)
Start importing Assets/Prefabs/Building/SteelWall.prefab using Guid(9628de31a7cce454ab695ccba13b900b) Importer(815301076,1909f56bfc062723c751e8b465ee728b)  -> (artifact id: '8bee4bafb6152d5e3db6996cae661734') in 0.045832 seconds
  Import took 0.047939 seconds .

========================================================================
Received Import Request.
  Time since last request: 0.000128 seconds.
  path: Assets/Prefabs/Building/Wall.prefab
  artifactKey: Guid(61e9174e11153e5479f5743deaffeafe) Importer(815301076,1909f56bfc062723c751e8b465ee728b)
Start importing Assets/Prefabs/Building/Wall.prefab using Guid(61e9174e11153e5479f5743deaffeafe) Importer(815301076,1909f56bfc062723c751e8b465ee728b)  -> (artifact id: '3f6e7064396f6d1d2f38148cbc56aff7') in 0.007059 seconds
  Import took 0.008893 seconds .

========================================================================
Received Import Request.
  Time since last request: 0.000125 seconds.
  path: Assets/Prefabs/Building/WoodWall.prefab
  artifactKey: Guid(45992d326a7c5014782ad1d3a6551987) Importer(815301076,1909f56bfc062723c751e8b465ee728b)
Start importing Assets/Prefabs/Building/WoodWall.prefab using Guid(45992d326a7c5014782ad1d3a6551987) Importer(815301076,1909f56bfc062723c751e8b465ee728b)  -> (artifact id: '48f3242e5e685f7f25bc6993e324ad59') in 0.027229 seconds
  Import took 0.029222 seconds .

========================================================================
Received Import Request.
  Time since last request: 0.000232 seconds.
  path: Assets/Prefabs/Building/BrickWall.prefab
  artifactKey: Guid(b42bffc06f070764abfb7e68faad85d2) Importer(815301076,1909f56bfc062723c751e8b465ee728b)
Start importing Assets/Prefabs/Building/BrickWall.prefab using Guid(b42bffc06f070764abfb7e68faad85d2) Importer(815301076,1909f56bfc062723c751e8b465ee728b)  -> (artifact id: 'ae215288bc3df02762b8f6718b4afb6a') in 0.006788 seconds
  Import took 0.008918 seconds .

========================================================================
Received Prepare
Registering precompiled user dll's ...
Registered in 0.000504 seconds.
Begin MonoManager ReloadAssembly
Native extension for LinuxStandalone target not found
Native extension for WindowsStandalone target not found
Native extension for WebGL target not found
Refreshing native plugins compatible for Editor in 0.24 ms, found 0 plugins.
Preloading 0 native plugins for Editor in 0.00 ms.
Invoked RoslynAnalysisRunner static constructor.
RoslynAnalysisRunner will not be running.
RoslynAnalysisRunner has terminated.
Mono: successfully reloaded assembly
- Completed reload, in  0.580 seconds
Platform modules already initialized, skipping
Refreshing native plugins compatible for Editor in 0.37 ms, found 0 plugins.
Preloading 0 native plugins for Editor in 0.00 ms.
Unloading 1403 Unused Serialized files (Serialized files now loaded: 0)
System memory in use before: 75.7 MB.
System memory in use after: 75.8 MB.

Unloading 6 unused Assets to reduce memory usage. Loaded Objects now: 1951.
Total: 1.816100 ms (FindLiveObjects: 0.305300 ms CreateObjectMapping: 0.090500 ms MarkObjects: 1.374000 ms  DeleteObjects: 0.045000 ms)

========================================================================
Received Prepare
Registering precompiled user dll's ...
Registered in 0.000500 seconds.
Begin MonoManager ReloadAssembly
Native extension for LinuxStandalone target not found
Native extension for WindowsStandalone target not found
Native extension for WebGL target not found
Refreshing native plugins compatible for Editor in 0.24 ms, found 0 plugins.
Preloading 0 native plugins for Editor in 0.00 ms.
Invoked RoslynAnalysisRunner static constructor.
RoslynAnalysisRunner will not be running.
RoslynAnalysisRunner has terminated.
Mono: successfully reloaded assembly
- Completed reload, in  0.582 seconds
Platform modules already initialized, skipping
Refreshing native plugins compatible for Editor in 0.27 ms, found 0 plugins.
Preloading 0 native plugins for Editor in 0.00 ms.
Unloading 1403 Unused Serialized files (Serialized files now loaded: 0)
System memory in use before: 76.0 MB.
System memory in use after: 76.0 MB.

Unloading 5 unused Assets to reduce memory usage. Loaded Objects now: 1953.
Total: 1.550200 ms (FindLiveObjects: 0.143900 ms CreateObjectMapping: 0.043100 ms MarkObjects: 1.320400 ms  DeleteObjects: 0.042100 ms)

========================================================================
Received Prepare
Registering precompiled user dll's ...
Registered in 0.000448 seconds.
Begin MonoManager ReloadAssembly
Native extension for LinuxStandalone target not found
Native extension for WindowsStandalone target not found
Native extension for WebGL target not found
Refreshing native plugins compatible for Editor in 0.24 ms, found 0 plugins.
Preloading 0 native plugins for Editor in 0.00 ms.
Invoked RoslynAnalysisRunner static constructor.
RoslynAnalysisRunner will not be running.
RoslynAnalysisRunner has terminated.
Mono: successfully reloaded assembly
- Completed reload, in  0.577 seconds
Platform modules already initialized, skipping
Refreshing native plugins compatible for Editor in 0.24 ms, found 0 plugins.
Preloading 0 native plugins for Editor in 0.00 ms.
Unloading 1403 Unused Serialized files (Serialized files now loaded: 0)
System memory in use before: 75.6 MB.
System memory in use after: 75.7 MB.

Unloading 5 unused Assets to reduce memory usage. Loaded Objects now: 1955.
Total: 1.493600 ms (FindLiveObjects: 0.143200 ms CreateObjectMapping: 0.035000 ms MarkObjects: 1.276500 ms  DeleteObjects: 0.038300 ms)

========================================================================
Received Prepare
Registering precompiled user dll's ...
Registered in 0.000478 seconds.
Begin MonoManager ReloadAssembly
Native extension for LinuxStandalone target not found
Native extension for WindowsStandalone target not found
Native extension for WebGL target not found
Refreshing native plugins compatible for Editor in 0.26 ms, found 0 plugins.
Preloading 0 native plugins for Editor in 0.00 ms.
Invoked RoslynAnalysisRunner static constructor.
RoslynAnalysisRunner will not be running.
RoslynAnalysisRunner has terminated.
Mono: successfully reloaded assembly
- Completed reload, in  0.601 seconds
Platform modules already initialized, skipping
Refreshing native plugins compatible for Editor in 0.24 ms, found 0 plugins.
Preloading 0 native plugins for Editor in 0.00 ms.
Unloading 1403 Unused Serialized files (Serialized files now loaded: 0)
System memory in use before: 76.0 MB.
System memory in use after: 76.1 MB.

Unloading 5 unused Assets to reduce memory usage. Loaded Objects now: 1957.
Total: 1.537700 ms (FindLiveObjects: 0.197200 ms CreateObjectMapping: 0.045600 ms MarkObjects: 1.248900 ms  DeleteObjects: 0.044600 ms)

========================================================================
Received Prepare
Registering precompiled user dll's ...
Registered in 0.000541 seconds.
Begin MonoManager ReloadAssembly
Native extension for LinuxStandalone target not found
Native extension for WindowsStandalone target not found
Native extension for WebGL target not found
Refreshing native plugins compatible for Editor in 0.26 ms, found 0 plugins.
Preloading 0 native plugins for Editor in 0.00 ms.
Invoked RoslynAnalysisRunner static constructor.
RoslynAnalysisRunner will not be running.
RoslynAnalysisRunner has terminated.
Mono: successfully reloaded assembly
- Completed reload, in  0.578 seconds
Platform modules already initialized, skipping
Refreshing native plugins compatible for Editor in 0.26 ms, found 0 plugins.
Preloading 0 native plugins for Editor in 0.00 ms.
Unloading 1403 Unused Serialized files (Serialized files now loaded: 0)
System memory in use before: 75.4 MB.
System memory in use after: 75.5 MB.

Unloading 5 unused Assets to reduce memory usage. Loaded Objects now: 1959.
Total: 1.410800 ms (FindLiveObjects: 0.150300 ms CreateObjectMapping: 0.046100 ms MarkObjects: 1.171000 ms  DeleteObjects: 0.042400 ms)

